<?xml version="1.0" encoding="UTF-8"?>
<testsuite xmlns:xsi="http://www.w3.org/2001/XMLSchema-instance" xsi:noNamespaceSchemaLocation="https://maven.apache.org/surefire/maven-surefire-plugin/xsd/surefire-test-report.xsd" name="it.epicode.santo.WorkoutFactoryTest" time="0.089" tests="12" errors="0" skipped="0" failures="0">
  <properties>
    <property name="java.specification.version" value="21"/>
    <property name="sun.cpu.isalist" value="amd64"/>
    <property name="sun.jnu.encoding" value="Cp1252"/>
    <property name="java.class.path" value="C:\Users\santo\OneDrive\Desktop\workout-tracker\target\test-classes;C:\Users\santo\OneDrive\Desktop\workout-tracker\target\classes;C:\Users\santo\.m2\repository\junit\junit\4.11\junit-4.11.jar;C:\Users\santo\.m2\repository\org\hamcrest\hamcrest-core\1.3\hamcrest-core-1.3.jar;C:\Users\santo\.m2\repository\org\json\json\20240303\json-20240303.jar;"/>
    <property name="java.vm.vendor" value="Microsoft"/>
    <property name="sun.arch.data.model" value="64"/>
    <property name="user.variant" value=""/>
    <property name="java.vendor.url" value="https://www.microsoft.com"/>
    <property name="user.timezone" value="Europe/Rome"/>
    <property name="os.name" value="Windows 11"/>
    <property name="java.vm.specification.version" value="21"/>
    <property name="user.country" value="IT"/>
    <property name="sun.java.launcher" value="SUN_STANDARD"/>
    <property name="sun.boot.library.path" value="C:\Program Files\Microsoft\jdk-21.0.5.11-hotspot\bin"/>
    <property name="sun.java.command" value="C:\Users\santo\AppData\Local\Temp\surefire7506176769330809270\surefirebooter18442852006875136670.jar C:\Users\santo\AppData\Local\Temp\surefire7506176769330809270 2025-05-29T00-41-38_592-jvmRun1 surefire15851358575102703750tmp surefire_012032598289411997082tmp"/>
    <property name="jdk.debug" value="release"/>
    <property name="test" value="it.epicode.santo.WorkoutFactoryTest"/>
    <property name="surefire.test.class.path" value="C:\Users\santo\OneDrive\Desktop\workout-tracker\target\test-classes;C:\Users\santo\OneDrive\Desktop\workout-tracker\target\classes;C:\Users\santo\.m2\repository\junit\junit\4.11\junit-4.11.jar;C:\Users\santo\.m2\repository\org\hamcrest\hamcrest-core\1.3\hamcrest-core-1.3.jar;C:\Users\santo\.m2\repository\org\json\json\20240303\json-20240303.jar;"/>
    <property name="sun.cpu.endian" value="little"/>
    <property name="user.home" value="C:\Users\santo"/>
    <property name="user.language" value="it"/>
    <property name="java.specification.vendor" value="Oracle Corporation"/>
    <property name="java.version.date" value="2024-10-15"/>
    <property name="java.home" value="C:\Program Files\Microsoft\jdk-21.0.5.11-hotspot"/>
    <property name="file.separator" value="\"/>
    <property name="basedir" value="C:\Users\santo\OneDrive\Desktop\workout-tracker"/>
    <property name="java.vm.compressedOopsMode" value="Zero based"/>
    <property name="line.separator" value="&#10;"/>
    <property name="java.vm.specification.vendor" value="Oracle Corporation"/>
    <property name="java.specification.name" value="Java Platform API Specification"/>
    <property name="surefire.real.class.path" value="C:\Users\santo\AppData\Local\Temp\surefire7506176769330809270\surefirebooter18442852006875136670.jar"/>
    <property name="user.script" value=""/>
    <property name="sun.management.compiler" value="HotSpot 64-Bit Tiered Compilers"/>
    <property name="java.runtime.version" value="21.0.5+11-LTS"/>
    <property name="user.name" value="santo"/>
    <property name="stdout.encoding" value="Cp1252"/>
    <property name="path.separator" value=";"/>
    <property name="os.version" value="10.0"/>
    <property name="java.runtime.name" value="OpenJDK Runtime Environment"/>
    <property name="file.encoding" value="UTF-8"/>
    <property name="java.vm.name" value="OpenJDK 64-Bit Server VM"/>
    <property name="java.vendor.version" value="Microsoft-10377968"/>
    <property name="maven.ext.class.path" value="C:\Users\santo\.vscode\extensions\oracle.oracle-java-24.0.0\nbcode\java\maven-nblib\netbeans-eventspy.jar"/>
    <property name="localRepository" value="C:\Users\santo\.m2\repository"/>
    <property name="java.vendor.url.bug" value="https://github.com/microsoft/openjdk/issues"/>
    <property name="java.io.tmpdir" value="C:\Users\santo\AppData\Local\Temp\"/>
    <property name="java.version" value="21.0.5"/>
    <property name="user.dir" value="C:\Users\santo\OneDrive\Desktop\workout-tracker"/>
    <property name="os.arch" value="amd64"/>
    <property name="java.vm.specification.name" value="Java Virtual Machine Specification"/>
    <property name="sun.os.patch.level" value=""/>
    <property name="native.encoding" value="Cp1252"/>
    <property name="java.library.path" value="C:\Program Files\Microsoft\jdk-21.0.5.11-hotspot\bin;C:\WINDOWS\Sun\Java\bin;C:\WINDOWS\system32;C:\WINDOWS;C:\Program Files\Microsoft\jdk-21.0.5.11-hotspot\bin;C:\Program Files (x86)\VMware\VMware Player\bin\;C:\Program Files\Common Files\Oracle\Java\javapath;C:\Windows\system32;C:\Windows;C:\Windows\System32\Wbem;C:\Windows\System32\WindowsPowerShell\v1.0\;C:\Windows\System32\OpenSSH\;C:\Program Files (x86)\NVIDIA Corporation\PhysX\Common;C:\Program Files\NVIDIA Corporation\NVIDIA NvDLISR;C:\Program Files (x86)\dotnet\;C:\WINDOWS\system32;C:\WINDOWS;C:\WINDOWS\System32\Wbem;C:\WINDOWS\System32\WindowsPowerShell\v1.0\;C:\WINDOWS\System32\OpenSSH\;C:\apache-maven-3.9.4\bin;C:\Program Files\Java\jdk-18.0.2.1\bin;C:\Program Files\nodejs\;C:\Program Files\Git\cmd;C:\Users\santo\AppData\Local\Programs\Python\Python313\Scripts\;C:\Users\santo\AppData\Local\Programs\Python\Python313\;C:\Users\santo\AppData\Local\Microsoft\WindowsApps;C:\Users\santo\AppData\Local\Programs\Microsoft VS Code\bin;C:\Users\santo\AppData\Roaming\npm;C:\Users\santo\Dropbox\PC\Downloads\apache-maven-3.9.9-bin\apache-maven-3.9.9\bin;;."/>
    <property name="java.vm.info" value="mixed mode, sharing"/>
    <property name="stderr.encoding" value="Cp1252"/>
    <property name="java.vendor" value="Microsoft"/>
    <property name="java.vm.version" value="21.0.5+11-LTS"/>
    <property name="sun.io.unicode.encoding" value="UnicodeLittle"/>
    <property name="java.class.version" value="65.0"/>
  </properties>
  <testcase name="testStrengthWorkoutCreator_MissingParams" classname="it.epicode.santo.WorkoutFactoryTest" time="0.017"/>
  <testcase name="testCardioWorkoutCreator_MissingDistanceParam" classname="it.epicode.santo.WorkoutFactoryTest" time="0"/>
  <testcase name="testCardioWorkoutCreator_MissingDurationParam" classname="it.epicode.santo.WorkoutFactoryTest" time="0.025"/>
  <testcase name="testStrengthWorkoutCreator_InvalidDuration" classname="it.epicode.santo.WorkoutFactoryTest" time="0.001"/>
  <testcase name="testCardioWorkoutCreator_ValidParams" classname="it.epicode.santo.WorkoutFactoryTest" time="0.001"/>
  <testcase name="testCardioWorkoutCreator_InvalidDuration" classname="it.epicode.santo.WorkoutFactoryTest" time="0"/>
  <testcase name="testCardioWorkoutCreator_InvalidName" classname="it.epicode.santo.WorkoutFactoryTest" time="0"/>
  <testcase name="testStrengthWorkoutCreator_ValidParams" classname="it.epicode.santo.WorkoutFactoryTest" time="0.001"/>
  <testcase name="testStrengthWorkoutCreator_InvalidName" classname="it.epicode.santo.WorkoutFactoryTest" time="0"/>
  <testcase name="testStrengthWorkoutCreator_InvalidReps" classname="it.epicode.santo.WorkoutFactoryTest" time="0.005"/>
  <testcase name="testStrengthWorkoutCreator_InvalidSets" classname="it.epicode.santo.WorkoutFactoryTest" time="0.001"/>
  <testcase name="testCardioWorkoutCreator_InvalidDistance" classname="it.epicode.santo.WorkoutFactoryTest" time="0.003"/>
</testsuite>